0 info it worked if it ends with ok
1 verbose cli [ 'node',
1 verbose cli   '/usr/local/bin/npm',
1 verbose cli   'publish',
1 verbose cli   'hubot-pugsofwesteros' ]
2 info using npm@1.4.14
3 info using node@v0.10.28
4 verbose node symlink /usr/local/bin/node
5 verbose publish [ 'hubot-pugsofwesteros' ]
6 verbose cache add [ 'hubot-pugsofwesteros', null ]
7 verbose cache add name=undefined spec="hubot-pugsofwesteros" args=["hubot-pugsofwesteros",null]
8 verbose parsed url { protocol: null,
8 verbose parsed url   slashes: null,
8 verbose parsed url   auth: null,
8 verbose parsed url   host: null,
8 verbose parsed url   port: null,
8 verbose parsed url   hostname: null,
8 verbose parsed url   hash: null,
8 verbose parsed url   search: null,
8 verbose parsed url   query: null,
8 verbose parsed url   pathname: 'hubot-pugsofwesteros',
8 verbose parsed url   path: 'hubot-pugsofwesteros',
8 verbose parsed url   href: 'hubot-pugsofwesteros' }
9 silly lockFile e9a9a66f-hubot-pugsofwesteros hubot-pugsofwesteros
10 verbose lock hubot-pugsofwesteros /Users/sam.hulance/.npm/e9a9a66f-hubot-pugsofwesteros.lock
11 silly lockFile e9a9a66f-hubot-pugsofwesteros hubot-pugsofwesteros
12 silly lockFile e9a9a66f-hubot-pugsofwesteros hubot-pugsofwesteros
13 verbose addNamed [ 'hubot-pugsofwesteros', '' ]
14 verbose addNamed [ null, '*' ]
15 silly lockFile b572bcb8-hubot-pugsofwesteros hubot-pugsofwesteros@
16 verbose lock hubot-pugsofwesteros@ /Users/sam.hulance/.npm/b572bcb8-hubot-pugsofwesteros.lock
17 silly addNameRange { name: 'hubot-pugsofwesteros', range: '*', hasData: false }
18 verbose url raw hubot-pugsofwesteros
19 verbose url resolving [ 'https://registry.npmjs.org/', './hubot-pugsofwesteros' ]
20 verbose url resolved https://registry.npmjs.org/hubot-pugsofwesteros
21 info trying registry request attempt 1 at 06:10:04
22 http GET https://registry.npmjs.org/hubot-pugsofwesteros
23 http 404 https://registry.npmjs.org/hubot-pugsofwesteros
24 verbose headers { date: 'Tue, 01 Jul 2014 11:10:05 GMT',
24 verbose headers   server: 'CouchDB/1.5.0 (Erlang OTP/R16B03)',
24 verbose headers   'content-type': 'application/json',
24 verbose headers   'cache-control': 'max-age=0',
24 verbose headers   'content-length': '52',
24 verbose headers   'accept-ranges': 'bytes',
24 verbose headers   via: '1.1 varnish',
24 verbose headers   age: '0',
24 verbose headers   'x-served-by': 'cache-lcy1121-LCY',
24 verbose headers   'x-cache': 'MISS',
24 verbose headers   'x-cache-hits': '0',
24 verbose headers   'x-timer': 'S1404213005.228938,VS0,VE99',
24 verbose headers   'keep-alive': 'timeout=10, max=50',
24 verbose headers   connection: 'Keep-Alive' }
25 silly registry.get cb [ 404,
25 silly registry.get   { date: 'Tue, 01 Jul 2014 11:10:05 GMT',
25 silly registry.get     server: 'CouchDB/1.5.0 (Erlang OTP/R16B03)',
25 silly registry.get     'content-type': 'application/json',
25 silly registry.get     'cache-control': 'max-age=0',
25 silly registry.get     'content-length': '52',
25 silly registry.get     'accept-ranges': 'bytes',
25 silly registry.get     via: '1.1 varnish',
25 silly registry.get     age: '0',
25 silly registry.get     'x-served-by': 'cache-lcy1121-LCY',
25 silly registry.get     'x-cache': 'MISS',
25 silly registry.get     'x-cache-hits': '0',
25 silly registry.get     'x-timer': 'S1404213005.228938,VS0,VE99',
25 silly registry.get     'keep-alive': 'timeout=10, max=50',
25 silly registry.get     connection: 'Keep-Alive' } ]
26 silly lockFile b572bcb8-hubot-pugsofwesteros hubot-pugsofwesteros@
27 silly lockFile b572bcb8-hubot-pugsofwesteros hubot-pugsofwesteros@
28 error 404 404 Not Found: hubot-pugsofwesteros
28 error 404
28 error 404 'hubot-pugsofwesteros' is not in the npm registry.
28 error 404 You should bug the author to publish it
28 error 404
28 error 404 Note that you can also install from a
28 error 404 tarball, folder, or http url, or git url.
29 error System Darwin 13.0.0
30 error command "node" "/usr/local/bin/npm" "publish" "hubot-pugsofwesteros"
31 error cwd /Users/sam.hulance/hubot-pugsofwesteros
32 error node -v v0.10.28
33 error npm -v 1.4.14
34 error code E404
35 verbose exit [ 1, true ]
